[debug] [2024-12-18T11:09:01.229Z] ----------------------------------------------------------------------
[debug] [2024-12-18T11:09:01.230Z] Command:       /Users/delente/.nvm/versions/node/v18.18.0/bin/node /Users/delente/.nvm/versions/node/v18.18.0/bin/firebase init functions
[debug] [2024-12-18T11:09:01.230Z] CLI Version:   13.29.1
[debug] [2024-12-18T11:09:01.230Z] Platform:      darwin
[debug] [2024-12-18T11:09:01.230Z] Node Version:  v18.18.0
[debug] [2024-12-18T11:09:01.231Z] Time:          Wed Dec 18 2024 16:39:01 GMT+0530 (India Standard Time)
[debug] [2024-12-18T11:09:01.231Z] ----------------------------------------------------------------------
[debug] 
[debug] [2024-12-18T11:09:01.234Z] > command requires scopes: ["email","openid","https://www.googleapis.com/auth/cloudplatformprojects.readonly","https://www.googleapis.com/auth/firebase","https://www.googleapis.com/auth/cloud-platform"]
[debug] [2024-12-18T11:09:01.234Z] > authorizing via signed-in user (armanali12371@gmail.com)
[info] 
     ######## #### ########  ######## ########     ###     ######  ########
     ##        ##  ##     ## ##       ##     ##  ##   ##  ##       ##
     ######    ##  ########  ######   ########  #########  ######  ######
     ##        ##  ##    ##  ##       ##     ## ##     ##       ## ##
     ##       #### ##     ## ######## ########  ##     ##  ######  ########

You're about to initialize a Firebase project in this directory:

  /Users/delente/Documents/projects/test/slot-api

[info] 
=== Project Setup
[info] 
[info] First, let's associate this project directory with a Firebase project.
[info] You can create multiple project aliases by running firebase use --add, 
[info] but for now we'll just set up a default project.
[info] 
[info] i  If you want to create a project in a Google Cloud organization or folder, please use "firebase projects:create" instead, and return to this command when you've created the project. 
[debug] [2024-12-18T11:09:08.836Z] Checked if tokens are valid: true, expires at: 1734523698868
[debug] [2024-12-18T11:09:08.837Z] Checked if tokens are valid: true, expires at: 1734523698868
[debug] [2024-12-18T11:09:08.838Z] >>> [apiv2][query] POST https://cloudresourcemanager.googleapis.com/v1/projects [none]
[debug] [2024-12-18T11:09:08.839Z] >>> [apiv2][body] POST https://cloudresourcemanager.googleapis.com/v1/projects {"projectId":"slot-api","name":"slot-api"}
[debug] [2024-12-18T11:09:10.407Z] <<< [apiv2][status] POST https://cloudresourcemanager.googleapis.com/v1/projects 409
[debug] [2024-12-18T11:09:10.407Z] <<< [apiv2][body] POST https://cloudresourcemanager.googleapis.com/v1/projects {"error":{"code":409,"message":"Requested entity already exists","status":"ALREADY_EXISTS"}}
[debug] [2024-12-18T11:09:10.579Z] FirebaseError: Request to https://cloudresourcemanager.googleapis.com/v1/projects had HTTP Error: 409, Requested entity already exists
    at responseToError (/Users/delente/.nvm/versions/node/v18.18.0/lib/node_modules/firebase-tools/lib/responseToError.js:52:12)
    at RetryOperation._fn (/Users/delente/.nvm/versions/node/v18.18.0/lib/node_modules/firebase-tools/lib/apiv2.js:312:77)
    at process.processTicksAndRejections (node:internal/process/task_queues:95:5)
[error] 
[error] Error: Failed to create project because there is already a project with ID slot-api. Please try again with a unique project ID.
